<?xml version="1.0" encoding="UTF-8"?>
<testsuite name="examples.MinMax" tests="1" skipped="0" failures="0" errors="0" timestamp="2022-11-25T01:04:27" hostname="DESKTOP-JJTERBG" time="0.021">
  <properties/>
  <testcase name="min()" classname="examples.MinMax" time="0.021"/>
  <system-out><![CDATA[1
]]></system-out>
  <system-err><![CDATA[]]></system-err>
</testsuite>
