<?xml version="1.0" encoding="UTF-8"?>
<testsuite name="examples.JoiningStrings" tests="1" skipped="0" failures="0" errors="0" timestamp="2023-02-09T23:15:20" hostname="DESKTOP-JJTERBG" time="0.027">
  <properties/>
  <testcase name="joiningStringsWithStream()" classname="examples.JoiningStrings" time="0.027"/>
  <system-out><![CDATA[Anna, John, Marcos, Helena, Yasmin
]]></system-out>
  <system-err><![CDATA[]]></system-err>
</testsuite>
