<?xml version="1.0" encoding="UTF-8"?>
<testsuite name="dbc_and_unit_testing.CircularQueueTest" tests="4" skipped="0" failures="0" errors="0" timestamp="2022-09-24T19:53:03" hostname="DESKTOP-JJTERBG" time="0.055">
  <properties/>
  <testcase name="Test null put" classname="dbc_and_unit_testing.CircularQueueTest" time="0.029"/>
  <testcase name="Test Circularity" classname="dbc_and_unit_testing.CircularQueueTest" time="0.018"/>
  <testcase name="Test Full" classname="dbc_and_unit_testing.CircularQueueTest" time="0.002"/>
  <testcase name="Test Empty" classname="dbc_and_unit_testing.CircularQueueTest" time="0.002"/>
  <system-out><![CDATA[testNullPut
put() null item
testCircularity
in = 0, out = 0, full() = true, empty() = false, CircularQueue = [0, 1, 2, 3, 4, 5, 6, 7, 8, 9]
0
1
2
3
4
5
6
7
8
9
in = 0, out = 0, full() = false, empty() = true, CircularQueue = [null, null, null, null, null, null, null, null, null, null]
in = 0, out = 0, full() = true, empty() = false, CircularQueue = [10, 11, 12, 13, 14, 15, 16, 17, 18, 19]
10
11
12
13
14
15
16
17
18
19
in = 0, out = 0, full() = false, empty() = true, CircularQueue = [null, null, null, null, null, null, null, null, null, null]
testFull
in = 5, out = 0, full() = false, empty() = false, CircularQueue = [0, 1, 2, 3, 4, null, null, null, null, null]
0
1
put() into full CircularQueue
in = 2, out = 2, full() = true, empty() = false, CircularQueue = [10, 11, 2, 3, 4, 5, 6, 7, 8, 9]
testEmpty
0
1
2
3
4
get() from empty CircularQueue
in = 5, out = 5, full() = false, empty() = true, CircularQueue = [null, null, null, null, null, null, null, null, null, null]
]]></system-out>
  <system-err><![CDATA[]]></system-err>
</testsuite>
