<?xml version="1.0" encoding="UTF-8"?>
<testsuite name="junit.CountedListTest" tests="1" skipped="0" failures="0" errors="0" timestamp="2022-09-23T22:40:33" hostname="DESKTOP-JJTERBG" time="0.082">
  <properties/>
  <testcase name="insert()" classname="junit.CountedListTest" time="0.082"/>
  <system-out><![CDATA[>>> Start CountedListTest <<<
CounterList #0
Set-up for 0
Running testInsert()
Cleaning up 0
>>> Finished CountedListTest <<<
]]></system-out>
  <system-err><![CDATA[]]></system-err>
</testsuite>
