<?xml version="1.0" encoding="UTF-8"?>
<testsuite name="operators.YearOfBirthWithDateTest" tests="1" skipped="0" failures="0" errors="0" timestamp="2022-09-11T17:34:45" hostname="DESKTOP-JJTERBG" time="0.036">
  <properties/>
  <testcase name="must get the age of birth" classname="operators.YearOfBirthWithDateTest" time="0.036"/>
  <system-out><![CDATA[]]></system-out>
  <system-err><![CDATA[]]></system-err>
</testsuite>
